{"/Users/johnpizzo/Documents/Thesis/Raise-Your-Hand/server/tests/teacherTests.js":{"path":"/Users/johnpizzo/Documents/Thesis/Raise-Your-Hand/server/tests/teacherTests.js","s":{"1":1,"2":1,"3":1,"4":1,"5":1,"6":1,"7":1,"8":0,"9":0,"10":0,"11":0,"12":0,"13":0,"14":0,"15":0,"16":0,"17":0,"18":0,"19":0,"20":0,"21":0,"22":0,"23":0,"24":0,"25":0,"26":0,"27":0,"28":0,"29":0,"30":0,"31":0,"32":0,"33":0,"34":0,"35":0,"36":0,"37":0,"38":0,"39":0,"40":0,"41":0,"42":0,"43":0,"44":0,"45":0,"46":0,"47":0,"48":0,"49":0,"50":0,"51":0,"52":0,"53":0,"54":0,"55":0,"56":0,"57":0,"58":0,"59":0,"60":0,"61":0,"62":0,"63":0,"64":0,"65":0,"66":0,"67":0,"68":0,"69":0,"70":0,"71":0,"72":0,"73":0,"74":0,"75":0,"76":0,"77":0,"78":0,"79":0,"80":0,"81":0,"82":0,"83":0,"84":0,"85":0,"86":0,"87":0,"88":0,"89":0,"90":0,"91":0,"92":0,"93":0,"94":0,"95":0,"96":0,"97":0,"98":0,"99":0,"100":0,"101":0},"b":{},"f":{"1":0,"2":0,"3":0,"4":0,"5":0,"6":0,"7":0,"8":0,"9":0,"10":0,"11":0,"12":0,"13":0,"14":0,"15":0,"16":0,"17":0,"18":0,"19":0,"20":0,"21":0,"22":0,"23":0,"24":0,"25":0,"26":0,"27":0,"28":0,"29":0,"30":0,"31":0,"32":0,"33":0,"34":0,"35":0,"36":0,"37":0,"38":0},"fnMap":{"1":{"name":"(anonymous_1)","line":7,"loc":{"start":{"line":7,"column":36},"end":{"line":7,"column":48}}},"2":{"name":"(anonymous_2)","line":8,"loc":{"start":{"line":8,"column":32},"end":{"line":8,"column":44}}},"3":{"name":"(anonymous_3)","line":9,"loc":{"start":{"line":9,"column":49},"end":{"line":9,"column":61}}},"4":{"name":"(anonymous_4)","line":12,"loc":{"start":{"line":12,"column":34},"end":{"line":12,"column":50}}},"5":{"name":"(anonymous_5)","line":13,"loc":{"start":{"line":13,"column":54},"end":{"line":13,"column":68}}},"6":{"name":"(anonymous_6)","line":29,"loc":{"start":{"line":29,"column":42},"end":{"line":29,"column":57}}},"7":{"name":"(anonymous_7)","line":36,"loc":{"start":{"line":36,"column":52},"end":{"line":36,"column":68}}},"8":{"name":"(anonymous_8)","line":37,"loc":{"start":{"line":37,"column":43},"end":{"line":37,"column":64}}},"9":{"name":"(anonymous_9)","line":41,"loc":{"start":{"line":41,"column":56},"end":{"line":41,"column":72}}},"10":{"name":"(anonymous_10)","line":42,"loc":{"start":{"line":42,"column":43},"end":{"line":42,"column":64}}},"11":{"name":"(anonymous_11)","line":46,"loc":{"start":{"line":46,"column":51},"end":{"line":46,"column":67}}},"12":{"name":"(anonymous_12)","line":47,"loc":{"start":{"line":47,"column":43},"end":{"line":47,"column":64}}},"13":{"name":"(anonymous_13)","line":53,"loc":{"start":{"line":53,"column":35},"end":{"line":53,"column":47}}},"14":{"name":"(anonymous_14)","line":54,"loc":{"start":{"line":54,"column":52},"end":{"line":54,"column":64}}},"15":{"name":"(anonymous_15)","line":57,"loc":{"start":{"line":57,"column":46},"end":{"line":57,"column":62}}},"16":{"name":"(anonymous_16)","line":72,"loc":{"start":{"line":72,"column":42},"end":{"line":72,"column":57}}},"17":{"name":"(anonymous_17)","line":78,"loc":{"start":{"line":78,"column":59},"end":{"line":78,"column":75}}},"18":{"name":"(anonymous_18)","line":79,"loc":{"start":{"line":79,"column":43},"end":{"line":79,"column":64}}},"19":{"name":"(anonymous_19)","line":86,"loc":{"start":{"line":86,"column":32},"end":{"line":86,"column":44}}},"20":{"name":"(anonymous_20)","line":89,"loc":{"start":{"line":89,"column":11},"end":{"line":89,"column":27}}},"21":{"name":"(anonymous_21)","line":91,"loc":{"start":{"line":91,"column":54},"end":{"line":91,"column":68}}},"22":{"name":"(anonymous_22)","line":106,"loc":{"start":{"line":106,"column":42},"end":{"line":106,"column":57}}},"23":{"name":"(anonymous_23)","line":120,"loc":{"start":{"line":120,"column":42},"end":{"line":120,"column":57}}},"24":{"name":"(anonymous_24)","line":123,"loc":{"start":{"line":123,"column":23},"end":{"line":123,"column":40}}},"25":{"name":"(anonymous_25)","line":132,"loc":{"start":{"line":132,"column":51},"end":{"line":132,"column":63}}},"26":{"name":"(anonymous_26)","line":135,"loc":{"start":{"line":135,"column":46},"end":{"line":135,"column":58}}},"27":{"name":"(anonymous_27)","line":138,"loc":{"start":{"line":138,"column":36},"end":{"line":138,"column":48}}},"28":{"name":"(anonymous_28)","line":141,"loc":{"start":{"line":141,"column":41},"end":{"line":141,"column":53}}},"29":{"name":"(anonymous_29)","line":144,"loc":{"start":{"line":144,"column":66},"end":{"line":144,"column":82}}},"30":{"name":"(anonymous_30)","line":152,"loc":{"start":{"line":152,"column":38},"end":{"line":152,"column":50}}},"31":{"name":"(anonymous_31)","line":155,"loc":{"start":{"line":155,"column":11},"end":{"line":155,"column":27}}},"32":{"name":"(anonymous_32)","line":157,"loc":{"start":{"line":157,"column":55},"end":{"line":157,"column":69}}},"33":{"name":"(anonymous_33)","line":169,"loc":{"start":{"line":169,"column":44},"end":{"line":169,"column":59}}},"34":{"name":"(anonymous_34)","line":172,"loc":{"start":{"line":172,"column":25},"end":{"line":172,"column":42}}},"35":{"name":"(anonymous_35)","line":181,"loc":{"start":{"line":181,"column":55},"end":{"line":181,"column":67}}},"36":{"name":"(anonymous_36)","line":184,"loc":{"start":{"line":184,"column":46},"end":{"line":184,"column":58}}},"37":{"name":"(anonymous_37)","line":187,"loc":{"start":{"line":187,"column":36},"end":{"line":187,"column":48}}},"38":{"name":"(anonymous_38)","line":190,"loc":{"start":{"line":190,"column":73},"end":{"line":190,"column":89}}}},"statementMap":{"1":{"start":{"line":1,"column":0},"end":{"line":1,"column":31}},"2":{"start":{"line":2,"column":0},"end":{"line":2,"column":35}},"3":{"start":{"line":3,"column":0},"end":{"line":3,"column":52}},"4":{"start":{"line":4,"column":0},"end":{"line":4,"column":27}},"5":{"start":{"line":5,"column":0},"end":{"line":5,"column":54}},"6":{"start":{"line":6,"column":0},"end":{"line":6,"column":69}},"7":{"start":{"line":7,"column":0},"end":{"line":198,"column":3}},"8":{"start":{"line":8,"column":2},"end":{"line":51,"column":5}},"9":{"start":{"line":9,"column":4},"end":{"line":11,"column":7}},"10":{"start":{"line":10,"column":6},"end":{"line":10,"column":58}},"11":{"start":{"line":12,"column":4},"end":{"line":35,"column":7}},"12":{"start":{"line":13,"column":6},"end":{"line":13,"column":72}},"13":{"start":{"line":14,"column":6},"end":{"line":25,"column":8}},"14":{"start":{"line":26,"column":6},"end":{"line":28,"column":8}},"15":{"start":{"line":29,"column":6},"end":{"line":32,"column":9}},"16":{"start":{"line":30,"column":8},"end":{"line":30,"column":41}},"17":{"start":{"line":31,"column":8},"end":{"line":31,"column":15}},"18":{"start":{"line":33,"column":6},"end":{"line":33,"column":46}},"19":{"start":{"line":34,"column":6},"end":{"line":34,"column":20}},"20":{"start":{"line":36,"column":4},"end":{"line":40,"column":7}},"21":{"start":{"line":37,"column":6},"end":{"line":39,"column":9}},"22":{"start":{"line":38,"column":8},"end":{"line":38,"column":33}},"23":{"start":{"line":41,"column":4},"end":{"line":45,"column":7}},"24":{"start":{"line":42,"column":6},"end":{"line":44,"column":9}},"25":{"start":{"line":43,"column":8},"end":{"line":43,"column":51}},"26":{"start":{"line":46,"column":4},"end":{"line":50,"column":7}},"27":{"start":{"line":47,"column":6},"end":{"line":49,"column":9}},"28":{"start":{"line":48,"column":8},"end":{"line":48,"column":41}},"29":{"start":{"line":53,"column":2},"end":{"line":84,"column":5}},"30":{"start":{"line":54,"column":4},"end":{"line":56,"column":7}},"31":{"start":{"line":55,"column":6},"end":{"line":55,"column":61}},"32":{"start":{"line":57,"column":4},"end":{"line":77,"column":7}},"33":{"start":{"line":58,"column":6},"end":{"line":68,"column":8}},"34":{"start":{"line":69,"column":6},"end":{"line":71,"column":8}},"35":{"start":{"line":72,"column":6},"end":{"line":74,"column":9}},"36":{"start":{"line":73,"column":8},"end":{"line":73,"column":47}},"37":{"start":{"line":75,"column":6},"end":{"line":75,"column":46}},"38":{"start":{"line":76,"column":6},"end":{"line":76,"column":20}},"39":{"start":{"line":78,"column":4},"end":{"line":83,"column":7}},"40":{"start":{"line":79,"column":6},"end":{"line":82,"column":9}},"41":{"start":{"line":80,"column":8},"end":{"line":80,"column":37}},"42":{"start":{"line":81,"column":8},"end":{"line":81,"column":15}},"43":{"start":{"line":86,"column":2},"end":{"line":150,"column":5}},"44":{"start":{"line":87,"column":4},"end":{"line":87,"column":19}},"45":{"start":{"line":88,"column":4},"end":{"line":88,"column":16}},"46":{"start":{"line":89,"column":4},"end":{"line":131,"column":7}},"47":{"start":{"line":91,"column":6},"end":{"line":91,"column":72}},"48":{"start":{"line":92,"column":6},"end":{"line":102,"column":8}},"49":{"start":{"line":103,"column":6},"end":{"line":105,"column":8}},"50":{"start":{"line":106,"column":6},"end":{"line":106,"column":61}},"51":{"start":{"line":107,"column":6},"end":{"line":107,"column":46}},"52":{"start":{"line":108,"column":6},"end":{"line":108,"column":20}},"53":{"start":{"line":110,"column":6},"end":{"line":119,"column":8}},"54":{"start":{"line":120,"column":6},"end":{"line":129,"column":9}},"55":{"start":{"line":121,"column":8},"end":{"line":121,"column":22}},"56":{"start":{"line":122,"column":8},"end":{"line":122,"column":36}},"57":{"start":{"line":123,"column":8},"end":{"line":128,"column":11}},"58":{"start":{"line":124,"column":10},"end":{"line":124,"column":35}},"59":{"start":{"line":125,"column":10},"end":{"line":125,"column":43}},"60":{"start":{"line":126,"column":10},"end":{"line":126,"column":37}},"61":{"start":{"line":127,"column":10},"end":{"line":127,"column":17}},"62":{"start":{"line":130,"column":6},"end":{"line":130,"column":20}},"63":{"start":{"line":132,"column":4},"end":{"line":134,"column":7}},"64":{"start":{"line":133,"column":6},"end":{"line":133,"column":60}},"65":{"start":{"line":135,"column":4},"end":{"line":137,"column":7}},"66":{"start":{"line":136,"column":6},"end":{"line":136,"column":35}},"67":{"start":{"line":138,"column":4},"end":{"line":140,"column":7}},"68":{"start":{"line":139,"column":6},"end":{"line":139,"column":33}},"69":{"start":{"line":141,"column":4},"end":{"line":143,"column":7}},"70":{"start":{"line":142,"column":6},"end":{"line":142,"column":36}},"71":{"start":{"line":144,"column":4},"end":{"line":149,"column":7}},"72":{"start":{"line":145,"column":8},"end":{"line":145,"column":38}},"73":{"start":{"line":146,"column":8},"end":{"line":146,"column":41}},"74":{"start":{"line":147,"column":8},"end":{"line":147,"column":41}},"75":{"start":{"line":148,"column":8},"end":{"line":148,"column":15}},"76":{"start":{"line":152,"column":2},"end":{"line":197,"column":5}},"77":{"start":{"line":153,"column":4},"end":{"line":153,"column":19}},"78":{"start":{"line":154,"column":4},"end":{"line":154,"column":16}},"79":{"start":{"line":155,"column":4},"end":{"line":180,"column":7}},"80":{"start":{"line":157,"column":6},"end":{"line":179,"column":9}},"81":{"start":{"line":158,"column":8},"end":{"line":168,"column":10}},"82":{"start":{"line":169,"column":8},"end":{"line":177,"column":11}},"83":{"start":{"line":170,"column":10},"end":{"line":170,"column":24}},"84":{"start":{"line":171,"column":10},"end":{"line":171,"column":38}},"85":{"start":{"line":172,"column":10},"end":{"line":176,"column":13}},"86":{"start":{"line":173,"column":12},"end":{"line":173,"column":37}},"87":{"start":{"line":174,"column":12},"end":{"line":174,"column":39}},"88":{"start":{"line":175,"column":12},"end":{"line":175,"column":19}},"89":{"start":{"line":178,"column":8},"end":{"line":178,"column":22}},"90":{"start":{"line":181,"column":4},"end":{"line":183,"column":7}},"91":{"start":{"line":182,"column":6},"end":{"line":182,"column":64}},"92":{"start":{"line":184,"column":4},"end":{"line":186,"column":7}},"93":{"start":{"line":185,"column":6},"end":{"line":185,"column":35}},"94":{"start":{"line":187,"column":4},"end":{"line":189,"column":7}},"95":{"start":{"line":188,"column":6},"end":{"line":188,"column":34}},"96":{"start":{"line":190,"column":4},"end":{"line":196,"column":7}},"97":{"start":{"line":191,"column":6},"end":{"line":191,"column":33}},"98":{"start":{"line":192,"column":6},"end":{"line":192,"column":34}},"99":{"start":{"line":193,"column":6},"end":{"line":193,"column":38}},"100":{"start":{"line":194,"column":6},"end":{"line":194,"column":36}},"101":{"start":{"line":195,"column":6},"end":{"line":195,"column":13}}},"branchMap":{}}}