{"/Users/johnpizzo/Documents/Thesis/Raise-Your-Hand/server/classes/classesModel.js":{"path":"/Users/johnpizzo/Documents/Thesis/Raise-Your-Hand/server/classes/classesModel.js","s":{"1":1,"2":1,"3":1,"4":1,"5":1,"6":1,"7":1,"8":1},"b":{},"f":{},"fnMap":{},"statementMap":{"1":{"start":{"line":2,"column":0},"end":{"line":2,"column":35}},"2":{"start":{"line":3,"column":0},"end":{"line":3,"column":29}},"3":{"start":{"line":4,"column":0},"end":{"line":4,"column":52}},"4":{"start":{"line":5,"column":0},"end":{"line":5,"column":37}},"5":{"start":{"line":6,"column":0},"end":{"line":6,"column":39}},"6":{"start":{"line":8,"column":0},"end":{"line":14,"column":3}},"7":{"start":{"line":16,"column":0},"end":{"line":16,"column":33}},"8":{"start":{"line":17,"column":0},"end":{"line":17,"column":54}}},"branchMap":{}},"/Users/johnpizzo/Documents/Thesis/Raise-Your-Hand/server/teachers/teachersController.js":{"path":"/Users/johnpizzo/Documents/Thesis/Raise-Your-Hand/server/teachers/teachersController.js","s":{"1":1,"2":1,"3":1,"4":1,"5":1,"6":1,"7":1,"8":1,"9":0,"10":0,"11":0,"12":0,"13":0,"14":0,"15":0,"16":0,"17":0,"18":0,"19":0,"20":0,"21":0,"22":0,"23":0,"24":0,"25":0,"26":0,"27":0,"28":0,"29":0,"30":0,"31":0,"32":0,"33":0,"34":0,"35":0,"36":0,"37":0,"38":0,"39":0,"40":0,"41":0,"42":0,"43":0,"44":0,"45":0,"46":0,"47":0,"48":0,"49":0,"50":0,"51":0,"52":0,"53":0,"54":0,"55":0,"56":0,"57":0,"58":0,"59":0,"60":0,"61":0,"62":0,"63":0,"64":0,"65":0},"b":{"1":[0,0],"2":[0,0],"3":[0,0],"4":[0,0]},"f":{"1":0,"2":0,"3":0,"4":0,"5":0,"6":0,"7":0,"8":0,"9":0,"10":0,"11":0,"12":0,"13":0,"14":0},"fnMap":{"1":{"name":"(anonymous_1)","line":12,"loc":{"start":{"line":12,"column":12},"end":{"line":12,"column":38}}},"2":{"name":"(anonymous_2)","line":23,"loc":{"start":{"line":23,"column":19},"end":{"line":23,"column":29}}},"3":{"name":"(anonymous_3)","line":38,"loc":{"start":{"line":38,"column":12},"end":{"line":38,"column":32}}},"4":{"name":"(anonymous_4)","line":43,"loc":{"start":{"line":43,"column":12},"end":{"line":43,"column":29}}},"5":{"name":"(anonymous_5)","line":51,"loc":{"start":{"line":51,"column":15},"end":{"line":51,"column":41}}},"6":{"name":"(anonymous_6)","line":56,"loc":{"start":{"line":56,"column":14},"end":{"line":56,"column":40}}},"7":{"name":"(anonymous_7)","line":61,"loc":{"start":{"line":61,"column":46},"end":{"line":61,"column":67}}},"8":{"name":"(anonymous_8)","line":79,"loc":{"start":{"line":79,"column":16},"end":{"line":79,"column":42}}},"9":{"name":"(anonymous_9)","line":83,"loc":{"start":{"line":83,"column":50},"end":{"line":83,"column":71}}},"10":{"name":"(anonymous_10)","line":100,"loc":{"start":{"line":100,"column":18},"end":{"line":100,"column":42}}},"11":{"name":"(anonymous_11)","line":104,"loc":{"start":{"line":104,"column":52},"end":{"line":104,"column":73}}},"12":{"name":"(anonymous_12)","line":116,"loc":{"start":{"line":116,"column":18},"end":{"line":116,"column":41}}},"13":{"name":"(anonymous_13)","line":118,"loc":{"start":{"line":118,"column":46},"end":{"line":118,"column":68}}},"14":{"name":"(anonymous_14)","line":121,"loc":{"start":{"line":121,"column":48},"end":{"line":121,"column":71}}}},"statementMap":{"1":{"start":{"line":1,"column":0},"end":{"line":1,"column":52}},"2":{"start":{"line":2,"column":0},"end":{"line":2,"column":45}},"3":{"start":{"line":3,"column":0},"end":{"line":3,"column":55}},"4":{"start":{"line":4,"column":0},"end":{"line":4,"column":24}},"5":{"start":{"line":5,"column":0},"end":{"line":5,"column":33}},"6":{"start":{"line":6,"column":0},"end":{"line":6,"column":35}},"7":{"start":{"line":7,"column":0},"end":{"line":7,"column":29}},"8":{"start":{"line":10,"column":0},"end":{"line":140,"column":2}},"9":{"start":{"line":13,"column":6},"end":{"line":13,"column":70}},"10":{"start":{"line":14,"column":6},"end":{"line":14,"column":39}},"11":{"start":{"line":17,"column":6},"end":{"line":17,"column":53}},"12":{"start":{"line":18,"column":6},"end":{"line":18,"column":52}},"13":{"start":{"line":19,"column":6},"end":{"line":19,"column":37}},"14":{"start":{"line":20,"column":6},"end":{"line":20,"column":42}},"15":{"start":{"line":21,"column":6},"end":{"line":21,"column":58}},"16":{"start":{"line":23,"column":6},"end":{"line":29,"column":7}},"17":{"start":{"line":24,"column":10},"end":{"line":24,"column":24}},"18":{"start":{"line":25,"column":10},"end":{"line":25,"column":64}},"19":{"start":{"line":26,"column":10},"end":{"line":27,"column":83}},"20":{"start":{"line":27,"column":14},"end":{"line":27,"column":83}},"21":{"start":{"line":28,"column":10},"end":{"line":28,"column":22}},"22":{"start":{"line":30,"column":6},"end":{"line":30,"column":29}},"23":{"start":{"line":31,"column":6},"end":{"line":36,"column":8}},"24":{"start":{"line":37,"column":6},"end":{"line":45,"column":9}},"25":{"start":{"line":39,"column":8},"end":{"line":39,"column":71}},"26":{"start":{"line":41,"column":8},"end":{"line":41,"column":39}},"27":{"start":{"line":44,"column":8},"end":{"line":44,"column":54}},"28":{"start":{"line":57,"column":4},"end":{"line":57,"column":67}},"29":{"start":{"line":58,"column":4},"end":{"line":58,"column":39}},"30":{"start":{"line":59,"column":4},"end":{"line":59,"column":51}},"31":{"start":{"line":61,"column":4},"end":{"line":75,"column":6}},"32":{"start":{"line":62,"column":6},"end":{"line":74,"column":7}},"33":{"start":{"line":63,"column":8},"end":{"line":63,"column":100}},"34":{"start":{"line":64,"column":8},"end":{"line":64,"column":27}},"35":{"start":{"line":66,"column":8},"end":{"line":66,"column":25}},"36":{"start":{"line":67,"column":8},"end":{"line":69,"column":9}},"37":{"start":{"line":68,"column":10},"end":{"line":68,"column":33}},"38":{"start":{"line":71,"column":8},"end":{"line":71,"column":26}},"39":{"start":{"line":73,"column":8},"end":{"line":73,"column":18}},"40":{"start":{"line":80,"column":4},"end":{"line":80,"column":72}},"41":{"start":{"line":81,"column":4},"end":{"line":81,"column":59}},"42":{"start":{"line":83,"column":4},"end":{"line":97,"column":6}},"43":{"start":{"line":84,"column":6},"end":{"line":96,"column":7}},"44":{"start":{"line":85,"column":8},"end":{"line":85,"column":91}},"45":{"start":{"line":86,"column":8},"end":{"line":86,"column":27}},"46":{"start":{"line":88,"column":8},"end":{"line":91,"column":9}},"47":{"start":{"line":93,"column":8},"end":{"line":93,"column":25}},"48":{"start":{"line":95,"column":8},"end":{"line":95,"column":18}},"49":{"start":{"line":101,"column":4},"end":{"line":101,"column":97}},"50":{"start":{"line":102,"column":4},"end":{"line":102,"column":42}},"51":{"start":{"line":104,"column":4},"end":{"line":112,"column":6}},"52":{"start":{"line":105,"column":6},"end":{"line":111,"column":7}},"53":{"start":{"line":106,"column":8},"end":{"line":106,"column":91}},"54":{"start":{"line":108,"column":8},"end":{"line":108,"column":45}},"55":{"start":{"line":110,"column":8},"end":{"line":110,"column":18}},"56":{"start":{"line":117,"column":4},"end":{"line":117,"column":58}},"57":{"start":{"line":118,"column":4},"end":{"line":138,"column":7}},"58":{"start":{"line":119,"column":6},"end":{"line":137,"column":7}},"59":{"start":{"line":121,"column":8},"end":{"line":134,"column":11}},"60":{"start":{"line":122,"column":10},"end":{"line":122,"column":60}},"61":{"start":{"line":123,"column":10},"end":{"line":123,"column":36}},"62":{"start":{"line":125,"column":8},"end":{"line":125,"column":85}},"63":{"start":{"line":126,"column":8},"end":{"line":131,"column":10}},"64":{"start":{"line":132,"column":8},"end":{"line":132,"column":30}},"65":{"start":{"line":136,"column":8},"end":{"line":136,"column":18}}},"branchMap":{"1":{"line":62,"type":"if","locations":[{"start":{"line":62,"column":6},"end":{"line":62,"column":6}},{"start":{"line":62,"column":6},"end":{"line":62,"column":6}}]},"2":{"line":84,"type":"if","locations":[{"start":{"line":84,"column":6},"end":{"line":84,"column":6}},{"start":{"line":84,"column":6},"end":{"line":84,"column":6}}]},"3":{"line":105,"type":"if","locations":[{"start":{"line":105,"column":6},"end":{"line":105,"column":6}},{"start":{"line":105,"column":6},"end":{"line":105,"column":6}}]},"4":{"line":119,"type":"if","locations":[{"start":{"line":119,"column":6},"end":{"line":119,"column":6}},{"start":{"line":119,"column":6},"end":{"line":119,"column":6}}]}}},"/Users/johnpizzo/Documents/Thesis/Raise-Your-Hand/server/teachers/teachersModel.js":{"path":"/Users/johnpizzo/Documents/Thesis/Raise-Your-Hand/server/teachers/teachersModel.js","s":{"1":1,"2":1,"3":1,"4":1,"5":1,"6":1},"b":{},"f":{},"fnMap":{},"statementMap":{"1":{"start":{"line":2,"column":0},"end":{"line":2,"column":35}},"2":{"start":{"line":3,"column":0},"end":{"line":3,"column":29}},"3":{"start":{"line":4,"column":0},"end":{"line":4,"column":51}},"4":{"start":{"line":7,"column":0},"end":{"line":14,"column":3}},"5":{"start":{"line":16,"column":0},"end":{"line":16,"column":35}},"6":{"start":{"line":17,"column":0},"end":{"line":17,"column":58}}},"branchMap":{}},"/Users/johnpizzo/Documents/Thesis/Raise-Your-Hand/server/students/studentsModel.js":{"path":"/Users/johnpizzo/Documents/Thesis/Raise-Your-Hand/server/students/studentsModel.js","s":{"1":1,"2":1,"3":1,"4":1,"5":1,"6":1},"b":{},"f":{},"fnMap":{},"statementMap":{"1":{"start":{"line":2,"column":0},"end":{"line":2,"column":35}},"2":{"start":{"line":3,"column":0},"end":{"line":3,"column":29}},"3":{"start":{"line":4,"column":0},"end":{"line":4,"column":51}},"4":{"start":{"line":7,"column":0},"end":{"line":14,"column":3}},"5":{"start":{"line":16,"column":0},"end":{"line":16,"column":35}},"6":{"start":{"line":17,"column":0},"end":{"line":17,"column":58}}},"branchMap":{}}}